Mon Oct 21 16:44:24 SAST 2024 : Apache Derby Network Server - 10.16.1.1 - (1901046) started and ready to accept connections on port 1527
----------------------------------------------------------------
Mon Oct 21 16:44:25 SAST 2024:
Booting Derby version The Apache Software Foundation - Apache Derby - 10.16.1.1 - (1901046): instance a816c00e-0192-af89-4f46-ffff9c864d42 
on database directory E:\OneDrive - Cape Peninsula University of Technology\Group 5 (PRT262S)\Mr Burger\LibrarySystemDatabase\LibrarySystemDatabase with class loader jdk.internal.loader.ClassLoaders$AppClassLoader@73d16e93 
Loaded from file:/C:/Program%20Files/Java/jdk-17/Db/db-derby-10.16.1.1-bin/lib/derby.jar
java.vendor=Oracle Corporation
java.runtime.version=17.0.11+7-LTS-207
user.dir=C:\Program Files\Java\jdk-17\Db\db-derby-10.16.1.1-bin
os.name=Windows 10
os.arch=amd64
os.version=10.0
derby.system.home=E:\OneDrive - Cape Peninsula University of Technology\Group 5 (PRT262S)\Mr Burger\LibrarySystemDatabase
Database Class Loader started - derby.database.classpath=''
Mon Oct 21 16:45:20 SAST 2024 Thread[DRDAConnThread_3,5,main] Cleanup action starting
java.sql.SQLException: Database 'University' not found.
	at org.apache.derby.impl.jdbc.SQLExceptionFactory.getSQLException(SQLExceptionFactory.java:115)
	at org.apache.derby.impl.jdbc.SQLExceptionFactory.getSQLException(SQLExceptionFactory.java:141)
	at org.apache.derby.impl.jdbc.Util.generateCsSQLException(Util.java:225)
	at org.apache.derby.impl.jdbc.Util.generateCsSQLException(Util.java:220)
	at org.apache.derby.impl.jdbc.EmbedConnection.newSQLException(EmbedConnection.java:3208)
	at org.apache.derby.impl.jdbc.EmbedConnection.handleDBNotFound(EmbedConnection.java:767)
	at org.apache.derby.impl.jdbc.EmbedConnection.<init>(EmbedConnection.java:437)
	at org.apache.derby.iapi.jdbc.InternalDriver.getNewEmbedConnection(InternalDriver.java:630)
	at org.apache.derby.iapi.jdbc.InternalDriver.connect(InternalDriver.java:295)
	at org.apache.derby.iapi.jdbc.InternalDriver.connect(InternalDriver.java:922)
	at org.apache.derby.jdbc.EmbeddedDriver.connect(EmbeddedDriver.java:125)
	at org.apache.derby.impl.drda.Database.makeConnection(Database.java:253)
	at org.apache.derby.impl.drda.DRDAConnThread.getConnFromDatabaseName(DRDAConnThread.java:1474)
	at org.apache.derby.impl.drda.DRDAConnThread.verifyUserIdPassword(DRDAConnThread.java:1424)
	at org.apache.derby.impl.drda.DRDAConnThread.parseSECCHK(DRDAConnThread.java:3378)
	at org.apache.derby.impl.drda.DRDAConnThread.parseDRDAConnection(DRDAConnThread.java:1208)
	at org.apache.derby.impl.drda.DRDAConnThread.processCommands(DRDAConnThread.java:1008)
	at org.apache.derby.impl.drda.DRDAConnThread.run(DRDAConnThread.java:298)
Caused by: ERROR XJ004: Database 'University' not found.
	at org.apache.derby.shared.common.error.StandardException.newException(StandardException.java:299)
	at org.apache.derby.impl.jdbc.SQLExceptionFactory.wrapArgsForTransportAcrossDRDA(SQLExceptionFactory.java:170)
	at org.apache.derby.impl.jdbc.SQLExceptionFactory.getSQLException(SQLExceptionFactory.java:75)
	... 17 more
============= begin nested exception, level (1) ===========
ERROR XJ004: Database 'University' not found.
	at org.apache.derby.shared.common.error.StandardException.newException(StandardException.java:299)
	at org.apache.derby.impl.jdbc.SQLExceptionFactory.wrapArgsForTransportAcrossDRDA(SQLExceptionFactory.java:170)
	at org.apache.derby.impl.jdbc.SQLExceptionFactory.getSQLException(SQLExceptionFactory.java:75)
	at org.apache.derby.impl.jdbc.SQLExceptionFactory.getSQLException(SQLExceptionFactory.java:141)
	at org.apache.derby.impl.jdbc.Util.generateCsSQLException(Util.java:225)
	at org.apache.derby.impl.jdbc.Util.generateCsSQLException(Util.java:220)
	at org.apache.derby.impl.jdbc.EmbedConnection.newSQLException(EmbedConnection.java:3208)
	at org.apache.derby.impl.jdbc.EmbedConnection.handleDBNotFound(EmbedConnection.java:767)
	at org.apache.derby.impl.jdbc.EmbedConnection.<init>(EmbedConnection.java:437)
	at org.apache.derby.iapi.jdbc.InternalDriver.getNewEmbedConnection(InternalDriver.java:630)
	at org.apache.derby.iapi.jdbc.InternalDriver.connect(InternalDriver.java:295)
	at org.apache.derby.iapi.jdbc.InternalDriver.connect(InternalDriver.java:922)
	at org.apache.derby.jdbc.EmbeddedDriver.connect(EmbeddedDriver.java:125)
	at org.apache.derby.impl.drda.Database.makeConnection(Database.java:253)
	at org.apache.derby.impl.drda.DRDAConnThread.getConnFromDatabaseName(DRDAConnThread.java:1474)
	at org.apache.derby.impl.drda.DRDAConnThread.verifyUserIdPassword(DRDAConnThread.java:1424)
	at org.apache.derby.impl.drda.DRDAConnThread.parseSECCHK(DRDAConnThread.java:3378)
	at org.apache.derby.impl.drda.DRDAConnThread.parseDRDAConnection(DRDAConnThread.java:1208)
	at org.apache.derby.impl.drda.DRDAConnThread.processCommands(DRDAConnThread.java:1008)
	at org.apache.derby.impl.drda.DRDAConnThread.run(DRDAConnThread.java:298)
============= end nested exception, level (1) ===========
Cleanup action completed
Mon Oct 21 16:45:20 SAST 2024 Thread[DRDAConnThread_3,5,main] (DATABASE = University), (DRDAID = {4}), Database 'University' not found.
----------------------------------------------------------------
Mon Oct 21 16:49:15 SAST 2024: Shutting down Derby engine
