Mon Oct 21 17:21:01 SAST 2024 : Apache Derby Network Server - 10.14.2.0 - (1828579) started and ready to accept connections on port 1527
----------------------------------------------------------------
Mon Oct 21 17:21:01 SAST 2024:
Booting Derby version The Apache Software Foundation - Apache Derby - 10.14.2.0 - (1828579): instance a816c00e-0192-afaa-d3d7-ffff90212344 
on database directory C:\Users\sufya\OneDrive - Cape Peninsula University of Technology\Group 5 (PRT262S)\Mr Burger\LibrarySystemDatabase\LibrarySystemDatabase with class loader jdk.internal.loader.ClassLoaders$AppClassLoader@73d16e93 
Loaded from file:/C:/Program%20Files/Java/jdk-17/Db/db-derby-10.14.2.0-bin/lib/derby.jar
java.vendor=Oracle Corporation
java.runtime.version=17.0.10+11-LTS-240
user.dir=C:\Program Files\Java\jdk-17\Db\db-derby-10.14.2.0-bin
os.name=Windows 11
os.arch=amd64
os.version=10.0
derby.system.home=C:\Users\sufya\OneDrive - Cape Peninsula University of Technology\Group 5 (PRT262S)\Mr Burger\LibrarySystemDatabase
Database Class Loader started - derby.database.classpath=''
----------------------------------------------------------------
Mon Oct 21 17:28:35 SAST 2024: Shutting down Derby engine
----------------------------------------------------------------
Mon Oct 21 17:28:35 SAST 2024:
Shutting down instance a816c00e-0192-afaa-d3d7-ffff90212344 on database directory C:\Users\sufya\OneDrive - Cape Peninsula University of Technology\Group 5 (PRT262S)\Mr Burger\LibrarySystemDatabase\LibrarySystemDatabase with class loader jdk.internal.loader.ClassLoaders$AppClassLoader@73d16e93 
Mon Oct 21 17:28:35 SAST 2024 : Unexpected exception:
 {0}
Mon Oct 21 17:28:35 SAST 2024 : For input string: "4-Lenovo_Loq"
java.lang.NumberFormatException: For input string: "4-Lenovo_Loq"
	at java.base/java.lang.NumberFormatException.forInputString(NumberFormatException.java:67)
	at java.base/java.lang.Long.parseLong(Long.java:711)
	at java.base/java.lang.Long.parseLong(Long.java:836)
	at org.apache.derby.impl.store.raw.log.LogToFile.deleteObsoleteLogfiles(Unknown Source)
	at org.apache.derby.impl.store.raw.log.LogToFile.stop(Unknown Source)
	at org.apache.derby.impl.services.monitor.TopService.stop(Unknown Source)
	at org.apache.derby.impl.services.monitor.TopService.shutdown(Unknown Source)
	at org.apache.derby.impl.services.monitor.BaseMonitor.shutdown(Unknown Source)
	at org.apache.derby.impl.services.monitor.FileMonitor.shutdown(Unknown Source)
	at org.apache.derby.impl.services.monitor.BaseMonitor.shutdown(Unknown Source)
	at org.apache.derby.impl.services.monitor.FileMonitor.shutdown(Unknown Source)
	at org.apache.derby.jdbc.InternalDriver.connect(Unknown Source)
	at org.apache.derby.jdbc.InternalDriver.connect(Unknown Source)
	at org.apache.derby.jdbc.EmbeddedDriver.connect(Unknown Source)
	at org.apache.derby.impl.drda.NetworkServerControlImpl.blockingStart(Unknown Source)
	at org.apache.derby.impl.drda.NetworkServerControlImpl.executeWork(Unknown Source)
	at org.apache.derby.drda.NetworkServerControl.main(Unknown Source)
Mon Oct 21 17:28:35 SAST 2024 : Apache Derby Network Server - 10.14.2.0 - (1828579) shutdown
